p/IMG_20221213_105538.jpg 1 0 0 4080 3072
p/IMG_20221213_105520.jpg 1 0 0 4080 3072
p/IMG_20221213_105516.jpg 1 0 0 4080 3072
p/IMG_20221213_105513.jpg 1 0 0 4080 3072
p/IMG_20221213_105510.jpg 1 0 0 4080 3072
p/IMG_20221213_105508.jpg 1 0 0 4080 3072
p/IMG_20221213_105504.jpg 1 0 0 4080 3072
p/IMG_20221213_105330.jpg 1 0 0 4080 3072
p/IMG_20221213_105327.jpg 1 0 0 4080 3072
p/IMG_20221213_105325.jpg 1 0 0 4080 3072
p/IMG_20221213_105322.jpg 1 0 0 4080 3072
p/IMG_20221213_105318.jpg 1 0 0 4080 3072
p/IMG_20221213_105315.jpg 1 0 0 4080 3072
p/IMG_20221213_105310.jpg 1 0 0 4080 3072
p/IMG_20221213_105258.jpg 1 0 0 4080 3072
p/IMG_20221213_105255.jpg 1 0 0 4080 3072
p/IMG_20221213_105252.jpg 1 0 0 4080 3072
p/IMG_20221213_105248.jpg 1 0 0 4080 3072
p/IMG_20221213_105246.jpg 1 0 0 4080 3072
p/IMG_20221213_105244.jpg 1 0 0 4080 3072
p/IMG_20221213_105241.jpg 1 0 0 4080 3072
p/IMG_20221213_105238.jpg 1 0 0 4080 3072
p/IMG_20221213_105235.jpg 1 0 0 4080 3072
p/IMG_20221213_105232.jpg 1 0 0 4080 3072
p/IMG_20221213_105228.jpg 1 0 0 4080 3072
p/IMG_20221213_105225.jpg 1 0 0 4080 3072
p/IMG_20221213_105108.jpg 1 0 0 3264 2448
p/IMG_20221213_105106.jpg 1 0 0 3264 2448
p/IMG_20221213_105103.jpg 1 0 0 3264 2448
p/IMG_20221213_105101.jpg 1 0 0 3264 2448
p/IMG_20221213_105057.jpg 1 0 0 3264 2448
p/IMG_20221213_105055.jpg 1 0 0 3264 2448
p/IMG_20221213_105050.jpg 1 0 0 3264 2448
p/IMG_20221213_104945.jpg 1 0 0 4080 3072
p/IMG_20221213_104942.jpg 1 0 0 4080 3072
p/IMG_20221213_104940.jpg 1 0 0 4080 3072
p/IMG_20221213_104934.jpg 1 0 0 4080 3072
p/IMG_20221213_104931.jpg 1 0 0 4080 3072
p/IMG_20221213_104929.jpg 1 0 0 4080 3072
p/IMG_20221213_104927.jpg 1 0 0 4080 3072
p/IMG_20221213_104923.jpg 1 0 0 4080 3072
p/IMG_20221213_104904.jpg 1 0 0 4080 3072
p/IMG_20221213_104441.jpg 1 0 0 4080 3072
p/IMG_20221213_104439.jpg 1 0 0 4080 3072
p/IMG_20221213_104436.jpg 1 0 0 4080 3072
p/IMG_20221213_104433.jpg 1 0 0 4080 3072
p/IMG_20221213_104430.jpg 1 0 0 4080 3072
p/IMG_20221213_104427.jpg 1 0 0 4080 3072
p/IMG_20221213_104423.jpg 1 0 0 4080 3072
p/IMG_20221213_104420.jpg 1 0 0 4080 3072
p/IMG_20221213_104417.jpg 1 0 0 4080 3072
p/IMG_20221213_104413.jpg 1 0 0 4080 3072
p/IMG_20221213_104410.jpg 1 0 0 4080 3072
p/IMG_20221213_104409.jpg 1 0 0 4080 3072
p/IMG_20221213_104406.jpg 1 0 0 4080 3072
p/IMG_20221213_104400.jpg 1 0 0 4080 3072
p/IMG_20221213_104346.jpg 1 0 0 4080 3072
p/IMG_20221213_104341.jpg 1 0 0 4080 3072
p/IMG_20221213_104338.jpg 1 0 0 4080 3072
p/IMG_20221213_104332.jpg 1 0 0 4080 3072
p/IMG_20221213_104321.jpg 1 0 0 4080 3072
p/IMG_20221213_104314.jpg 1 0 0 4080 3072
p/IMG_20221213_104309.jpg 1 0 0 4080 3072
p/IMG_20221213_104304.jpg 1 0 0 4080 3072
p/IMG_20221213_104300.jpg 1 0 0 4080 3072
p/IMG_20221213_104253.jpg 1 0 0 4080 3072
p/IMG_20221213_104248.jpg 1 0 0 4080 3072
p/IMG_20221213_104242.jpg 1 0 0 4080 3072
p/IMG_20221213_104202.jpg 1 0 0 4080 3072
p/IMG_20221213_104153.jpg 1 0 0 4080 3072
p/IMG_20221213_104145.jpg 1 0 0 4080 3072
p/IMG_20221213_104140.jpg 1 0 0 4080 3072
p/IMG_20221213_104129.jpg 1 0 0 4080 3072
p/IMG_20221212_110441.jpg 1 0 0 4080 3072
p/IMG_20221212_110438.jpg 1 0 0 3072 4080
p/IMG_20221212_110440.jpg 1 0 0 3072 4080
p/IMG_20221212_110436.jpg 1 0 0 3072 4080
p/IMG_20221212_110433.jpg 1 0 0 3072 4080
p/IMG_20221212_110434.jpg 1 0 0 3072 4080
p/IMG_20221212_110431.jpg 1 0 0 3072 4080
p/IMG_20221212_110426.jpg 1 0 0 3072 4080
p/IMG_20221212_110426_1.jpg 1 0 0 3072 4080
p/IMG_20221212_110423.jpg 1 0 0 3072 4080
p/IMG_20221212_110422.jpg 1 0 0 3072 4080
p/IMG_20221212_110418.jpg 1 0 0 3072 4080
p/IMG_20221212_110415.jpg 1 0 0 3072 4080
p/IMG_20221212_110413.jpg 1 0 0 3072 4080
p/IMG_20221212_110414.jpg 1 0 0 3072 4080